This file contains any messages produced by compilers while
running configure, to aid debugging if configure makes a mistake.

It was created by Shell configure 1.0, which was
generated by GNU Autoconf 2.69.  Invocation command line was

  $ ../configure 

## --------- ##
## Platform. ##
## --------- ##

hostname = rlc.home
uname -m = x86_64
uname -r = 14.1.0
uname -s = Darwin
uname -v = Darwin Kernel Version 14.1.0: Thu Feb 26 19:26:47 PST 2015; root:xnu-2782.10.73~1/RELEASE_X86_64

/usr/bin/uname -p = i386
/bin/uname -X     = unknown

/bin/arch              = unknown
/usr/bin/arch -k       = unknown
/usr/convex/getsysinfo = unknown
/usr/bin/hostinfo      = Mach kernel version:
	 Darwin Kernel Version 14.1.0: Thu Feb 26 19:26:47 PST 2015; root:xnu-2782.10.73~1/RELEASE_X86_64
Kernel configured for up to 4 processors.
2 processors are physically available.
4 processors are logically available.
Processor type: i486 (Intel 80486)
Processors active: 0 1 2 3
Primary memory available: 4.00 gigabytes
Default processor set: 229 tasks, 1059 threads, 4 processors
Load average: 2.36, Mach factor: 2.10
/bin/machine           = unknown
/usr/bin/oslevel       = unknown
/bin/universe          = unknown

PATH: /usr/local/Cellar/gdb/7.7.1/bin/
PATH: /opt/local/bin
PATH: /opt/local/sbin
PATH: /Users/jojofabe/.rbenv/shims
PATH: /usr/local/bin
PATH: /Library/Frameworks/Python.framework/Versions/3.4/bin
PATH: /usr/local/cuda/bin
PATH: /opt/local/bin
PATH: /opt/local/sbin
PATH: /usr/local/bin
PATH: /usr/bin
PATH: /bin
PATH: /usr/sbin
PATH: /sbin
PATH: /usr/local/go/bin
PATH: /usr/texbin
PATH: /bin
PATH: /usr/local/sbin
PATH: /Users/jojofabe/workspace/go/bin
PATH: /Users/jojofabe/go/bin/go


## ----------- ##
## Core tests. ##
## ----------- ##

configure:1825: checking for a BSD-compatible install
configure:1893: result: /usr/bin/install -c
configure:1904: checking whether build environment is sane
configure:1954: result: yes
configure:2095: checking for a thread-safe mkdir -p
configure:2134: result: ../build-aux/install-sh -c -d
configure:2147: checking for gawk
configure:2177: result: no
configure:2147: checking for mawk
configure:2177: result: no
configure:2147: checking for nawk
configure:2177: result: no
configure:2147: checking for awk
configure:2163: found /usr/bin/awk
configure:2174: result: awk
configure:2185: checking whether make sets $(MAKE)
configure:2207: result: yes
configure:2335: checking for gcc
configure:2362: result: clang
configure:2591: checking for C compiler version
configure:2600: clang --version >&5
Apple LLVM version 6.1.0 (clang-602.0.49) (based on LLVM 3.6.0svn)
Target: x86_64-apple-darwin14.1.0
Thread model: posix
configure:2611: $? = 0
configure:2600: clang -v >&5
Apple LLVM version 6.1.0 (clang-602.0.49) (based on LLVM 3.6.0svn)
Target: x86_64-apple-darwin14.1.0
Thread model: posix
configure:2611: $? = 0
configure:2600: clang -V >&5
clang: error: argument to '-V' is missing (expected 1 value)
clang: error: no input files
configure:2611: $? = 1
configure:2600: clang -qversion >&5
clang: error: unknown argument: '-qversion'
clang: error: no input files
configure:2611: $? = 1
configure:2631: checking whether the C compiler works
configure:2653: clang    conftest.c  >&5
configure:2657: $? = 0
configure:2705: result: yes
configure:2708: checking for C compiler default output file name
configure:2710: result: a.out
configure:2716: checking for suffix of executables
configure:2723: clang -o conftest    conftest.c  >&5
configure:2727: $? = 0
configure:2749: result: 
configure:2771: checking whether we are cross compiling
configure:2779: clang -o conftest    conftest.c  >&5
configure:2783: $? = 0
configure:2790: ./conftest
configure:2794: $? = 0
configure:2809: result: no
configure:2814: checking for suffix of object files
configure:2836: clang -c   conftest.c >&5
configure:2840: $? = 0
configure:2861: result: o
configure:2865: checking whether we are using the GNU C compiler
configure:2884: clang -c   conftest.c >&5
configure:2884: $? = 0
configure:2893: result: yes
configure:2902: checking whether clang accepts -g
configure:2922: clang -c -g  conftest.c >&5
configure:2922: $? = 0
configure:2963: result: yes
configure:2980: checking for clang option to accept ISO C89
configure:3043: clang  -c -g -O2  conftest.c >&5
configure:3043: $? = 0
configure:3056: result: none needed
configure:3087: checking for style of include used by make
configure:3115: result: GNU
configure:3140: checking dependency style of clang
configure:3250: result: gcc3
configure:3440: creating ./config.status

## ---------------------- ##
## Running config.status. ##
## ---------------------- ##

This file was extended by Shell config.status 1.0, which was
generated by GNU Autoconf 2.69.  Invocation command line was

  CONFIG_FILES    = 
  CONFIG_HEADERS  = 
  CONFIG_LINKS    = 
  CONFIG_COMMANDS = 
  $ ./config.status 

on rlc.home

config.status:769: creating Makefile
config.status:769: creating src/Makefile
config.status:926: executing depfiles commands

## ---------------- ##
## Cache variables. ##
## ---------------- ##

ac_cv_c_compiler_gnu=yes
ac_cv_env_CC_set=set
ac_cv_env_CC_value=clang
ac_cv_env_CFLAGS_set=
ac_cv_env_CFLAGS_value=
ac_cv_env_CPPFLAGS_set=
ac_cv_env_CPPFLAGS_value=
ac_cv_env_LDFLAGS_set=
ac_cv_env_LDFLAGS_value=
ac_cv_env_LIBS_set=
ac_cv_env_LIBS_value=
ac_cv_env_build_alias_set=
ac_cv_env_build_alias_value=
ac_cv_env_host_alias_set=
ac_cv_env_host_alias_value=
ac_cv_env_target_alias_set=
ac_cv_env_target_alias_value=
ac_cv_objext=o
ac_cv_path_install='/usr/bin/install -c'
ac_cv_prog_AWK=awk
ac_cv_prog_ac_ct_CC=clang
ac_cv_prog_cc_c89=
ac_cv_prog_cc_g=yes
ac_cv_prog_make_make_set=yes
am_cv_CC_dependencies_compiler_type=gcc3

## ----------------- ##
## Output variables. ##
## ----------------- ##

ACLOCAL='${SHELL} /Users/jojofabe/workspace/spring/OS/shell/build-aux/missing --run aclocal-1.11'
AMDEPBACKSLASH='\'
AMDEP_FALSE='#'
AMDEP_TRUE=''
AMTAR='${SHELL} /Users/jojofabe/workspace/spring/OS/shell/build-aux/missing --run tar'
AUTOCONF='${SHELL} /Users/jojofabe/workspace/spring/OS/shell/build-aux/missing --run autoconf'
AUTOHEADER='${SHELL} /Users/jojofabe/workspace/spring/OS/shell/build-aux/missing --run autoheader'
AUTOMAKE='${SHELL} /Users/jojofabe/workspace/spring/OS/shell/build-aux/missing --run automake-1.11'
AWK='awk'
CC='clang'
CCDEPMODE='depmode=gcc3'
CFLAGS='-g -O2'
CPPFLAGS=''
CYGPATH_W='echo'
DEFS='-DPACKAGE_NAME=\"Shell\" -DPACKAGE_TARNAME=\"Shell\" -DPACKAGE_VERSION=\"1.0\" -DPACKAGE_STRING=\"Shell\ 1.0\" -DPACKAGE_BUGREPORT=\"jojofabe@gmail.com\" -DPACKAGE_URL=\"http://macmania.github.io/\" -DPACKAGE=\"Shell\" -DVERSION=\"1.0\"'
DEPDIR='.deps'
ECHO_C='\c'
ECHO_N=''
ECHO_T=''
EXEEXT=''
INSTALL_DATA='${INSTALL} -m 644'
INSTALL_PROGRAM='${INSTALL}'
INSTALL_SCRIPT='${INSTALL}'
INSTALL_STRIP_PROGRAM='$(install_sh) -c -s'
LDFLAGS=''
LIBOBJS=''
LIBS=''
LTLIBOBJS=''
MAKEINFO='${SHELL} /Users/jojofabe/workspace/spring/OS/shell/build-aux/missing --run makeinfo'
MKDIR_P='../build-aux/install-sh -c -d'
OBJEXT='o'
PACKAGE='Shell'
PACKAGE_BUGREPORT='jojofabe@gmail.com'
PACKAGE_NAME='Shell'
PACKAGE_STRING='Shell 1.0'
PACKAGE_TARNAME='Shell'
PACKAGE_URL='http://macmania.github.io/'
PACKAGE_VERSION='1.0'
PATH_SEPARATOR=':'
SET_MAKE=''
SHELL='/bin/sh'
STRIP=''
VERSION='1.0'
ac_ct_CC='clang'
am__EXEEXT_FALSE=''
am__EXEEXT_TRUE='#'
am__fastdepCC_FALSE='#'
am__fastdepCC_TRUE=''
am__include='include'
am__isrc=' -I$(srcdir)'
am__leading_dot='.'
am__quote=''
am__tar='${AMTAR} chof - "$$tardir"'
am__untar='${AMTAR} xf -'
bindir='${exec_prefix}/bin'
build_alias=''
datadir='${datarootdir}'
datarootdir='${prefix}/share'
docdir='${datarootdir}/doc/${PACKAGE_TARNAME}'
dvidir='${docdir}'
exec_prefix='${prefix}'
host_alias=''
htmldir='${docdir}'
includedir='${prefix}/include'
infodir='${datarootdir}/info'
install_sh='${SHELL} /Users/jojofabe/workspace/spring/OS/shell/build-aux/install-sh'
libdir='${exec_prefix}/lib'
libexecdir='${exec_prefix}/libexec'
localedir='${datarootdir}/locale'
localstatedir='${prefix}/var'
mandir='${datarootdir}/man'
mkdir_p='$(top_builddir)/../build-aux/install-sh -c -d'
oldincludedir='/usr/include'
pdfdir='${docdir}'
prefix='/usr/local'
program_transform_name='s,x,x,'
psdir='${docdir}'
sbindir='${exec_prefix}/sbin'
sharedstatedir='${prefix}/com'
sysconfdir='${prefix}/etc'
target_alias=''

## ----------- ##
## confdefs.h. ##
## ----------- ##

/* confdefs.h */
#define PACKAGE_NAME "Shell"
#define PACKAGE_TARNAME "Shell"
#define PACKAGE_VERSION "1.0"
#define PACKAGE_STRING "Shell 1.0"
#define PACKAGE_BUGREPORT "jojofabe@gmail.com"
#define PACKAGE_URL "http://macmania.github.io/"
#define PACKAGE "Shell"
#define VERSION "1.0"

configure: exit 0
